Added Component: Designator=J1(JXD10019NL)
Add component (AddParameter): Name = "Datasheet Link"; Value = "https://componentsearchengine.com//JXD1-0019NL.pdf"; VariantName = "[No Variations]"
Add component (AddParameter): Name = "Height"; Value = "14.05mm"; VariantName = "[No Variations]"
Add component (AddParameter): Name = "Manufacturer_Name"; Value = "Pulse"; VariantName = "[No Variations]"
Add component (AddParameter): Name = "Manufacturer_Part_Number"; Value = "JXD1-0019NL"; VariantName = "[No Variations]"
Add component (AddParameter): Name = "Mouser2 Part Number"; Value = "673-JXD1-0019NL"; VariantName = "[No Variations]"
Add component (AddParameter): Name = "Mouser2 Price/Stock"; Value = "https://www.mouser.com/Search/Refine.aspx?Keyword=673-JXD1-0019NL"; VariantName = "[No Variations]"
Added Component: Designator=J2(JXD10019NL)
Add component (AddParameter): Name = "Datasheet Link"; Value = "https://componentsearchengine.com//JXD1-0019NL.pdf"; VariantName = "[No Variations]"
Add component (AddParameter): Name = "Height"; Value = "14.05mm"; VariantName = "[No Variations]"
Add component (AddParameter): Name = "Manufacturer_Name"; Value = "Pulse"; VariantName = "[No Variations]"
Add component (AddParameter): Name = "Manufacturer_Part_Number"; Value = "JXD1-0019NL"; VariantName = "[No Variations]"
Add component (AddParameter): Name = "Mouser2 Part Number"; Value = "673-JXD1-0019NL"; VariantName = "[No Variations]"
Add component (AddParameter): Name = "Mouser2 Price/Stock"; Value = "https://www.mouser.com/Search/Refine.aspx?Keyword=673-JXD1-0019NL"; VariantName = "[No Variations]"
Added Component: Designator=P1(HDR1X8)
Add component (AddParameter): Name = "LatestRevisionDate"; Value = "17-Jul-2002"; VariantName = "[No Variations]"
Add component (AddParameter): Name = "LatestRevisionNote"; Value = "Re-released for DXP Platform."; VariantName = "[No Variations]"
Add component (AddParameter): Name = "Publisher"; Value = "Altium Limited"; VariantName = "[No Variations]"
Added Component: Designator=P2(HDR1X2)
Add component (AddParameter): Name = "LatestRevisionDate"; Value = "17-Jul-2002"; VariantName = "[No Variations]"
Add component (AddParameter): Name = "LatestRevisionNote"; Value = "Re-released for DXP Platform."; VariantName = "[No Variations]"
Add component (AddParameter): Name = "Publisher"; Value = "Altium Limited"; VariantName = "[No Variations]"
Added Component: Designator=P3(HDR1X2)
Add component (AddParameter): Name = "LatestRevisionDate"; Value = "17-Jul-2002"; VariantName = "[No Variations]"
Add component (AddParameter): Name = "LatestRevisionNote"; Value = "Re-released for DXP Platform."; VariantName = "[No Variations]"
Add component (AddParameter): Name = "Publisher"; Value = "Altium Limited"; VariantName = "[No Variations]"
Added Component: Designator=P4(HDR1X2)
Add component (AddParameter): Name = "LatestRevisionDate"; Value = "17-Jul-2002"; VariantName = "[No Variations]"
Add component (AddParameter): Name = "LatestRevisionNote"; Value = "Re-released for DXP Platform."; VariantName = "[No Variations]"
Add component (AddParameter): Name = "Publisher"; Value = "Altium Limited"; VariantName = "[No Variations]"
Added Component: Designator=P5(HDR1X2)
Add component (AddParameter): Name = "LatestRevisionDate"; Value = "17-Jul-2002"; VariantName = "[No Variations]"
Add component (AddParameter): Name = "LatestRevisionNote"; Value = "Re-released for DXP Platform."; VariantName = "[No Variations]"
Add component (AddParameter): Name = "Publisher"; Value = "Altium Limited"; VariantName = "[No Variations]"
Added Pin To Net: NetName=NetJ1_1 Pin=J1-1
Added Pin To Net: NetName=P1_GND Pin=J1-2
Added Pin To Net: NetName=P1_PWR Pin=J1-3
Added Pin To Net: NetName=P2_GND Pin=J1-4
Added Pin To Net: NetName=P2_PWR Pin=J1-5
Added Pin To Net: NetName=P3_GND Pin=J1-6
Added Pin To Net: NetName=P3_PWR Pin=J1-7
Added Pin To Net: NetName=P4_GND Pin=J1-8
Added Pin To Net: NetName=P4_PWR Pin=J1-9
Added Pin To Net: NetName=NetJ1_10 Pin=J1-10
Added Pin To Net: NetName=NetJ1_1 Pin=J2-1
Added Pin To Net: NetName=P1_GND Pin=J2-2
Added Pin To Net: NetName=P1_PWR Pin=J2-3
Added Pin To Net: NetName=P2_GND Pin=J2-4
Added Pin To Net: NetName=P2_PWR Pin=J2-5
Added Pin To Net: NetName=P3_GND Pin=J2-6
Added Pin To Net: NetName=P3_PWR Pin=J2-7
Added Pin To Net: NetName=P4_GND Pin=J2-8
Added Pin To Net: NetName=P4_PWR Pin=J2-9
Added Pin To Net: NetName=NetJ1_10 Pin=J2-10
Added Pin To Net: NetName=P4_PWR Pin=P1-1
Added Pin To Net: NetName=P4_GND Pin=P1-2
Added Pin To Net: NetName=P3_PWR Pin=P1-3
Added Pin To Net: NetName=P3_GND Pin=P1-4
Added Pin To Net: NetName=P2_PWR Pin=P1-5
Added Pin To Net: NetName=P2_GND Pin=P1-6
Added Pin To Net: NetName=P1_PWR Pin=P1-7
Added Pin To Net: NetName=P1_GND Pin=P1-8
Added Pin To Net: NetName=NetJ1_11 Pin=J1-11
Added Pin To Net: NetName=NetJ1_11 Pin=P2-1
Added Net: Name=NetJ1_11
Added Pin To Net: NetName=NetJ1_12 Pin=J1-12
Added Pin To Net: NetName=NetJ1_12 Pin=P2-2
Added Net: Name=NetJ1_12
Added Pin To Net: NetName=NetJ1_13 Pin=J1-13
Added Pin To Net: NetName=NetJ1_13 Pin=P3-1
Added Net: Name=NetJ1_13
Added Pin To Net: NetName=NetJ1_14 Pin=J1-14
Added Pin To Net: NetName=NetJ1_14 Pin=P3-2
Added Net: Name=NetJ1_14
Added Pin To Net: NetName=NetJ2_11 Pin=J2-11
Added Pin To Net: NetName=NetJ2_11 Pin=P4-1
Added Net: Name=NetJ2_11
Added Pin To Net: NetName=NetJ2_12 Pin=J2-12
Added Pin To Net: NetName=NetJ2_12 Pin=P4-2
Added Net: Name=NetJ2_12
Added Pin To Net: NetName=NetJ2_13 Pin=J2-13
Added Pin To Net: NetName=NetJ2_13 Pin=P5-1
Added Net: Name=NetJ2_13
Added Pin To Net: NetName=NetJ2_14 Pin=J2-14
Added Pin To Net: NetName=NetJ2_14 Pin=P5-2
Added Net: Name=NetJ2_14
Added Member To Class: ClassName=splicer Member=Component J1 JXD1-0019NL
Added Member To Class: ClassName=splicer Member=Component J2 JXD1-0019NL
Added Member To Class: ClassName=splicer Member=Component P1 Header 8
Added Member To Class: ClassName=splicer Member=Component P2 Header 2
Added Member To Class: ClassName=splicer Member=Component P3 Header 2
Added Member To Class: ClassName=splicer Member=Component P4 Header 2
Added Member To Class: ClassName=splicer Member=Component P5 Header 2
Added Room: Name=splicer
